<?xml version="1.0" encoding="UTF-8"?>
<testsuite xmlns:xsi="http://www.w3.org/2001/XMLSchema-instance" xsi:noNamespaceSchemaLocation="https://maven.apache.org/surefire/maven-surefire-plugin/xsd/surefire-test-report.xsd" name="vdro.tau.fish.domain.FishTest" time="0.017" tests="6" errors="0" skipped="0" failures="0">
  <properties>
[...]
</properties>
  <testcase name="fishIsImplementedTest" classname="vdro.tau.fish.domain.FishTest" time="0.002"/>
  <testcase name="fishQuantityArgumentShouldAcceptOnlyPositiveNumberTest" classname="vdro.tau.fish.domain.FishTest" time="0.001"/>
  <testcase name="FishCategoryIdArgumentShouldAcceptOnlyPositiveNumberTest" classname="vdro.tau.fish.domain.FishTest" time="0.001"/>
  <testcase name="fishGrossPriceArgumentShouldAcceptOnlyPositiveNumberTest" classname="vdro.tau.fish.domain.FishTest" time="0"/>
  <testcase name="fishIdArgumentShouldAcceptOnlyPositiveNumberTest" classname="vdro.tau.fish.domain.FishTest" time="0.001"/>
  <testcase name="fishNetPriceArgumentShouldAcceptOnlyPositiveNumberTest" classname="vdro.tau.fish.domain.FishTest" time="0"/>
</testsuite>